[    0.000000] Initializing cgroup subsys cpuset
[    0.000000] Initializing cgroup subsys cpu
[    0.000000] Initializing cgroup subsys cpuacct
[    0.000000] Linux version 4.4.0-186-generic (buildd@lcy01-amd64-002) (gcc version 5.4.0 20160609 (Ubuntu 5.4.0-6ubuntu1~16.04.12) ) #216-Ubuntu SMP Wed Jul 1 05:34:05 UTC 2020 (Ubuntu 4.4.0-186.216-generic 4.4.228)
[    0.000000] Command line: BOOT_IMAGE=/boot/vmlinuz-4.4.0-186-generic root=LABEL=cloudimg-rootfs ro console=tty1 console=ttyS0
[    0.000000] KERNEL supported cpus:
[    0.000000]   Intel GenuineIntel
[    0.000000]   AMD AuthenticAMD
[    0.000000]   Centaur CentaurHauls
[    0.000000] [Firmware Bug]: TSC doesn't count with P0 frequency!
[    0.000000] x86/fpu: xstate_offset[2]:  576, xstate_sizes[2]:  256
[    0.000000] x86/fpu: Supporting XSAVE feature 0x01: 'x87 floating point registers'
[    0.000000] x86/fpu: Supporting XSAVE feature 0x02: 'SSE registers'
[    0.000000] x86/fpu: Supporting XSAVE feature 0x04: 'AVX registers'
[    0.000000] x86/fpu: Enabled xstate features 0x7, context size is 832 bytes, using 'standard' format.
[    0.000000] e820: BIOS-provided physical RAM map:
[    0.000000] BIOS-e820: [mem 0x0000000000000000-0x000000000009fbff] usable
[    0.000000BIOS-e820: [mem 0x000000000009fc00-0x000000000009ffff] reserved
[    0.000000] BIOS-e820: [mem 0x00000000000f0000-0x00000000000fffff] reserved
[    0.000000] BIe820: [mem 0x0000000000100000-0x000000003ffeffff] usable
[    0.000000] BIOS-e820: [mem 0x000000003fff0000-0x000000003fffffff] ACPI data
[    0.000000] BIOS-e820: [mem 0x00000000fec00000-0x00000000fec00fff] reserved
[    0.000000] BIOS-e820: [mem 0x00000000fee00000-0x00000000fee00fff] reserved
[    0.000000] BIOS-e820: [mem 0x00000000fffc0000-0x00000000ffffffff] reserved
[    0.000000] NX (Execute Disable) protection: active
[    0.000000] SMBIOS 2.5 present.
[    0.000000] Hypervisor detected: KVM
[    0.000000] Kernel/User page tables isolation: disabled
[    0.000000] e820: last_pfn = 0x3fff0 max_arch_pfn = 0x400000000
[    0.000000] MTRR: Disabled
[    0.000000] x86/PAT: MTRRs disabled, skipping PAT initialization too.
[    0.000000] CPU MTRRs all blank - virtualized system.
[    0.000000] x86/PAT: Configuration [0-7]: WB  WT  UC- UC  WB  WT  UC- UC  
[    0.000000] found SMP MP-table at [mem 0x0009fff0-0x0009ffff] mapped at [ffff88000009fff0]
[    0.000000] Scanning 1 areas for low memory corruption
[    0.000000] RAMDISK: [mem 0x362e0000-0x37167fff]
[    0.000000] ACPI: Early table checksum verification disabled
[    0.000000] ACPI: RSDP 0x00000000000E0000 000024 (v02 VBOX  )
[    0.000000] ACPI: XSDT 0x000000003FFF0030 00003C (v01 VBOX   VBOXXSDT 00000001 ASL  00000061)
[    0.000000] ACPI: FACP 0x000000003FFF00F0 0000F4 (v04 VBOX   VBOXFACP 00000001 ASL  00000061)
[    0.000000] ACPI: DSDT 0x000000003FFF0470 002325 (v02 VBOX   VBOXBIOS 00000002 INTL 20100528)
[    0.000000] ACPI: FACS 0x000000003FFF0200 000040
[    0.000000] ACPI: FACS 0x000000003FFF0200 000040
[    0.000000] ACPI: APIC 0x000000003FFF0240 00005C (v02 VBOX   VBOXAPIC 00000001 ASL  00000061)
[    0.000000] ACPI: SSDT 0x000000003FFF02A0 0001CC (v01 VBOX   VBOXCPUT 00000002 INTL 20100528)
[    0.000000] No NUMA configuration found
[    0.000000] Faking a node at [mem 0x0000000000000000-0x000000003ffeffff]
[    0.000000] NODE_DATA(0) allocated [mem 0x3ffeb000-0x3ffeffff]
[    0.000000] kvm-clock: Using msrs 4b564d01 and 4b564d00
[    0.000000] kvm-clock: cpu 0, msr 0:3ffe3001, primary cpu clock
[    0.000000] kvm-clock: using sched offset of 4990882348 cycles
[    0.000000] clocksource: kvm-clock: mask: 0xffffffffffffffff max_cycles: 0x1cd42e4dffb, max_idle_ns: 881590591483 ns
[    0.000000] Zone ranges:
[    0.000000]   DMA      [mem 0x0000000000001000-0x0000000000ffffff]
[    0.000000]   DMA32    [mem 0x0000000001000000-0x000000003ffeffff]
[    0.000000]   Normal   empty
[    0.000000]   Device   empty
[    0.000000] Movable zone start for each node
[    0.000000] Early memory node ranges
[    0.000000]   node   0: [mem 0x0000000000001000-0x000000000009efff]
[    0.000000]   node   0: [mem 0x0000000000100000-0x000000003ffeffff]
[    0.000000] Initmem setup node 0 [mem 0x0000000000001000-0x000000003ffeffff]
[    0.000000] ACPI: PM-Timer IO Port: 0x4008
[    0.000000] IOAPIC[0]: apic_id 2, version 32, address 0xfec00000, GSI 0-23
[    0.000000] ACPI: INT_SRC_OVR (bus 0 bus_irq 0 global_irq 2 dfl dfl)
[    0.000000] ACPI: INT_SRC_OVR (bus 0 bus_irq 9 global_irq 9 low level)
[    0.000000] Using ACPI (MADT) for SMP configuration information
[    0.000000] smpboot: Allowing 2 CPUs, 0 hotplug CPUs
[    0.000000] PM: Registered nosave memory: [mem 0x00000000-0x00000fff]
[    0.000000] PM: Registered nosave memory: [mem 0x0009f000-0x0009ffff]
[    0.000000] PM: Registered nosave memory: [mem 0x000a0000-0x000effff]
[    0.000000] PM: Registered nosave memory: [mem 0x000f0000-0x000fffff]
[    0.000000] e820: [mem 0x40000000-0xfebfffff] available for PCI devices
[    0.000000] Booting paravirtualized kernel on KVM
[    0.000000] clocksource: refined-jiffies: mask: 0xffffffff max_cycles: 0xffffffff, max_idle_ns: 7645519600211568 ns
[    0.000000] setup_percpu: NR_CPUS:512 nr_cpumask_bits:512 nr_cpu_ids:2 nr_node_ids:1
[    0.000000] PERCPU: Embedded 33 pages/cpu @ffff88003fc00000 s95512 r8192 d31464 u1048576
[    0.000000] Built 1 zonelists in Node order, mobility grouping on.  Total pages: 257912
[    0.000000] Policy zorAGE=/boot/vmlinuz-4.4.0-186-generic root=LABEL=cloudimg-rootfs ro console=tty1 console=ttyS0
[    0.000000] PID hash table entries: 4096 (order: 3, 32768 bytes)
[    0.000000] Memory: 997664K/1048120K available (8636K kernel code, 1337K rwdata, 4040K rodata, 1492K init, 1296K bss, 50456K reserved, 0K cma-reserved)
[    0.000000] SLUB: HWalign=64, Order=0-3, MinObjects=0, CPUs=2, Nodes=1
[    0.000000] Hierarchical RCU implementation.
[    0.000000] 	Build-time adjustment of leaf fanout to 64.
[    0.000000] 	RCU restricting CPUs from NR_CPUS=512 to nr_cpu_ids=2.
[    0.000000] RCU: Adjusting geometry for rcu_fanout_leaf=64, nr_cpu_ids=2
[    0.000000] NR_IRQS:33024 nr_irqs:440 16
[    0.000000] Console: colour VGA+ 80x25
[    0.000000] console [tty1] enabled
[    0.000000] console [ttyS0] enabled
[    0.000000] tsc: Detected 3600.004 MHz processor
[    2.314688] Calibrating delay loop (skipped) preset value.. 7200.00 BogoMIPS (lpj=14400016)
[    2.336836] pid_max: default: 32768 minimum: 301
[    2.348983] ACPI: Core revision 20150930
[    2.360440] ACPI: 2 ACPI AML tables successfully acquired and loaded
[    2.377373] Security Framework initialized
[    2.388392] Yama: becoming mindful.
[    2.397681] AppArmor: AppArmor initialized
[    2.408568] Dentry cache hash table entries: 131072 (order: 8, 1048576 bytes)
[    2.427678] Inode-cache hash table entries: 65536 (order: 7, 524288 bytes)
[    2.447131] Mount-cache hash table entries: 2048 (order: 2, 16384 bytes)
[    2.464822] Mountpoint-cache hash table entries: 2048 (order: 2, 16384 bytes)
[    2.484027] Initializing cgroup subsys io
[    2.494665] Initializing cgroup subsys memory
[    2.506326] Initializing cgroup subsys devices
[    2.529032] Initializing cgroup subsys freezer
[    2.540753] Initializing cgroup subsys net_cls
[    2.552466] Initializing cgroup subsys perf_event
[    2.565055] Initializing cgroup subsys net_prio
[    2.577249] Initializing cgroup subsys hugetlb
[    2.589107] Initializing cgroup subsys pids
[    2.605739] mce: CPU supports 0 MCE banks
[    2.616442] Last level iTLB entries: 4KB 1024, 2MB 1024, 4MB 512
[    2.632271] Last level dTLB entries: 4KB 1536, 2MB 1536, 4MB 768, 1GB 0
[    2.649840] Spectre V1 : Mitigation: usercopy/swapgs barriers and __user pointer sanitization
[    2.672374] Spectre V2 : Spectre mitigation: LFENCE not serializing, switching to generic retpoline
[    2.696547] Spectre V2 : Mitigation: Full generic retpoline
[    2.711392] Spectre V2 : Spectre v2 / SpectreRSB mitigation: Filling RSB on context switch
[    2.733171] Speculative Store Bypass: Mitigation: Speculative Store Bypass disabled via prctl and seccomp
[    2.761216] Freeing SMP alternatives memory: 36K
[    2.778852] ftrace: allocating 32334 entries in 127 pages
[    2.845495] smpboot: APIC(0) Converting physical 0 to logical package 0
[    2.863540] smpboot: Max logical packages: 1
[    2.875283] x2apic enabled
[    2.882881] Switched APIC routing to physical x2apic.
[    2.897535] ..TIMER: vector=0x30 apic1=0 pin1=2 apic2=-1 pin2=-1
[    3.021904] APIC calibration not consistent with PM-Timer: 98ms instead of 100ms
[    3.042271] APIC delta adjusted to PM-Timer: 6228265 (6163782)
[    3.058576] smpboot: CPU0: AMD Ryzen 5 2600X Six-Core Processor (family: 0x17, model: 0x8, stepping: 0x2)
[    3.084677] Performance Events: Broken PMU hardware detected, using software events only.
[    3.106873] Failed to access perfctr msr (MSR c0010007 is 0)
[    3.127993] KVM setup paravirtual spinlock
[    3.140593] x86: Booting SMP configuration:
[    3.167394] .... node  #0, CPUs:      #1
[    3.185839] kvm-clock: cpu 1, msr 0:3ffe3041, secondary cpu clock
[    3.208808] mce: CPU supports 0 MCE banks
[    3.221641] x86: Booted up 1 node, 2 CPUs
[    3.232926] smpboot: Total of 2 processors activated (14400.01 BogoMIPS)
[    3.251400] devtmpfs: initialized
[    3.261935] evm: security.selinux
[    3.271111] evm: security.SMACK64
[    3.280127] evm: security.SMACK64EXEC
[    3.290107] evm: security.SMACK64TRANSMUTE
[    3.301179] evm: security.SMACK64MMAP
[    3.311174] evm: security.ima
[    3.319212] evm: security.capability
[    3.330052] clocksource: jiffies: mask: 0xffffffff max_cycles: 0xffffffff, max_idle_ns: 7645041785100000 ns
[    3.356671] futex hash table entries: 512 (order: 3, 32768 bytes)
[    3.373381] pinctrl core: initialized pinctrl subsystem
[    3.387788] RTC time: 16:31:31, date: 08/22/20
[    3.400309] NET: Registered protocol family 16
[    3.421291] cpuidle: using governor ladder
[    3.444737] cpuidle: using governor menu
[    3.455696] PCCT header not found.
[   3.465577] ACPI: bus type PCI registered
[    3.509777] acpiphp: ACPI Hot Plug PCI Controller Driver version: 0.5
[    3.527322] PCI: Using configuration type 1 for base access
[    3.542338] PCI: Using configuration type 1 for extended access
[    3.569818] ACPI: Added _OSI(Module Device)
[    3.581329] ACPI: Added _OSI(Processor Device)
[    3.593295] ACPI: Added _OSI(3.0 _SCP Extensions)
[    3.605976] ACPI: Added _OSI(Processor Aggregator Device)
[    3.620925] ACPI: Executed 1 blocks of module-level executable AML code
[    3.640864] ACPI: Interpreter enabled
[    3.650891] ACPI: (supports S0 S5)
[    3.660145] ACPI: Using IOAPIC for interrupt routing
[    3.673590] PCI: Using host bridge windows from ACPI; if necessary, use "pci=nocrs" and report a bug
[    3.701216] ACPI: PCI Root Bridge [PCI0] (domain 0000 [bus 00-ff])
[    3.717959] acpi PNP0A03:00: _OSC: OS supports [ExtendedConfig ASPM ClockPM Segments MSI]
[    3.740787] acpi PNP0A03:00: _OSC: platform does not support [PCIeCapability]
[    3.760373] acpi PNP0A03:00: _OSC: not requesting control; platform does not support [PCIeCapability]
[    3.785275] acpi PNP0A03:00: _OSC: OS requested [PCIeHotplug PME AER PCIeCapability]
[    3.806306] acpi PNP0A03:00: _OSC: platform willing to grant [PCIeHotplug PME AER]
[    3.842236] acpi PNP0A03:00: _OSC failed (AE_SUPPORT); disabling ASPM
[    3.860098] PCI host bridge to bus 0000:00
[    3.871257] pci_bus 0000:00: root bus resource [io  0x0000-0x0cf7 window]
[    3.889597] pci_bus 0000:00: root bus resource [io  0x0d00-0xffff window]
[    3.907698] pci_bus 0000:00: root bus resource [mem 0x000a0000-0x000bffff window]
[    3.927897] pci_bus 0000:00: root bus resource [mem 0x40000000-0xfdffffff window]
[    3.948501] pci_bus 0000:00: root bus resource [bus 00-ff]
[    3.965102] pci 0000:00:01.1: legacy IDE quirk: reg 0x10: [io  0x01f0-0x01f7]
[    3.984512] pci 0000:00:01.1: legacy IDE quirk: reg 0x14: [io  0x03f6]
[    4.001968] pci 0000:00:01.1: legacy IDE quirk: reg 0x18: [io  0x0170-0x0177]
[    4.021261] pci 0000:00:01.1: legacy IDE quirk: reg 0x1c: [io  0x0376]
[    4.047046] pci 0000:00:07.0: quirk: [io  0x4000-0x403f] claimed by PIIX4 ACPI
[    4.067098] pci 0000:00:07.0: quirk: [io  0x4100-0x410f] claimed by PIIX4 SMB
[    4.091868] ACPI: PCI Interrupt Link [LNKA] (IRQs 5 9 10 *11)
[    4.108230] ACPI: PCI Interrupt Link [LNKB] (IRQs 5 9 *10 11)
[    4.124358] ACPI: PCI Interrupt Link [LNKC] (IRQs 5 *9 10 11)
[    4.140757] ACPI: PCI Interrupt Link [LNKD] (IRQs 5 9 10 *11)
[    4.156645] ACPI: Enabled 2 GPEs in block 00 to 07
[    4.169946] vgaarb: setting as boot device: PCI:0000:00:02.0
[    4.185228] vgaarb: device added: PCI:0000:00:02.0,decodes=io+mem,owns=io+mem,locks=none
[    4.207278] vgaarb: loaded
[    4.214907] vgaarb: bridge control possible 0000:00:02.0
[    4.229748] SCSI subsystem initialized
[    4.240236] ACPI: bus type USB registered
[    4.251166] usbcore: registered new interface driver usbfs
[    4.275169] usbcore: registered new interface driver hub
[    4.289970] usbcore: registered new device driver usb
[    4.304180] PCI: Using ACPI for IRQ routing
[    4.315891] NetLabel: Initializing
[    4.325121] NetLabel:  domain hash size = 128
[    4.336932] NetLabel:  protocols = UNLABELED CIPSOv4
[    4.350343] NetLabel:  unlabeled traffic allowed by default
[    4.365563] amd_nb: Cannot enumerate AMD northbridges
[    4.379410] clocksource: Switched to clocksource kvm-clock
[    4.400488] AppArmor: AppArmor Filesystem Enabled
[    4.413621] pnp: PnP ACPI init
[    4.422833] pnp: PnP ACPI: found 3 devices
[    4.442498] clocksource: acpi_pm: mask: 0xffffff max_cycles: 0xffffff, max_idle_ns: 2085701024 ns
[    4.466815] NET: Registered protocol family 2
[    4.479187] TCP established hash table entries: 8192 (order: 4, 65536 bytes)
[    4.498271] TCP bind hash table entries: 8192 (order: 5, 131072 bytes)
[    4.530384] TCP: Hash tables configured (established 8192 bind 8192)
[    4.549928] UDP hash table entries: 512 (order: 2, 16384 bytes)
[    4.570060] UDP-Lite hash table entries: 512 (order: 2, 16384 bytes)
[    4.587302] NET: Registered protocol family 1
[    4.599159] pci 0000:00:00.0: Limiting direct PCI/PCI transfers
[    4.615146] pci 0000:00:01.0: Activating ISA DMA hang workarounds
[    4.631731] Unpacking initramfs...
[    4.826199] Freeing initrd memory: 14880K
[    4.837756] clocksource: tsc: mask: 0xffffffffffffffff max_cycles: 0x33e456ed7d0, max_idle_ns: 440795322762 ns
[    4.865065] platform rtc_cmos: registered platform RTC device (no PNP device found)
[    4.886106] Scanning for low memory corruption every 60 seconds
[    4.902629] audit: initializing netlink subsys (disabled)
[    4.917246] audit: type=2000 audit(1598113895.312:1): initialized
[    4.934028] Initialise system trusted keyring
[    4.946119] HugeTLB registered 2 MB page size, pre-allocated 0 pages
[    4.964323] zbud: loaded
[    4.972211] VFS: Disk quotas dquot_6.6.0
[    4.983148] VFS: Dquot-cache hash table entries: 512 (order 0, 4096 bytes)
[    5.001916] squashfs: version 4.0 (2009/01/31) Phillip Lougher
[    5.017998] fuse init (API version 7.23)
[    5.029022] Key type big_key registered
[    5.039466] Allocating IMA MOK and blacklist keyrings.
[    5.056007] Key type asymmetric registered
[    5.067341] Asymmetric key parser 'x509' registered
[    5.080660] Block layer SCSI generic (bsg) driver version 0.4 loaded (major 249)
[    5.101114] io scheduler noop registered
[    5.112205] io scheduler deadline registered (default)
[    5.126214] io scheduler cfq registered
[    5.137336] pci_hotplug: PCI Hot Plug PCI Core version: 0.5
[    5.152561] pciehp: PCI Express Hot Plug Controller Driver version: 0.4
[    5.170733] ACPI: AC Adapter [AC] (on-line)
[    5.182223] input: Power Button as /devices/LNXSYT:00/LNXPWRBN:0/input/input0
[    5.289706] ACPI: Power Button [PWRF]
[    5.299744] input: Sleep Button as /devices/LNXSYSTM:00/LNXSLPBN:00/input/input1
[    5.334600] ACPI: Sleep Button [SLPF]
[    5429215] GHES: HEST is not enabled!
[    5.498140] Serial 250/16550 driver, 32 ports,Rsaring enabled÷øùúûüýþÿ[    5.737764] 00:02: ttyS0 at I/O 0x3f8 (irq = 4, base_baud = 115200) is a 16550A
[    5.775481] Linux agpgart interface v0.103
[    5.788138] loop: module loaded
[    5.806079] scsi host0: ata_piix
[    5.815204] scsi host1: ata_piix
[    5.824176] ata1: PATA max UDMA/33 cmd 0x1f0 ctl 0x3f6 bmdma 0xd000 irq 14
[    5.842953] ata2: PATA max UDMA/33 cmd 0x170 ctl 0x376 bmdma 0xd008 irq 15
[    5.861689] libphy: Fixed MDIO Bus: probed
[  8] tun: Universal TUN/TAP device driver, 1.6
[    6.094347] tun: (C) 1999-2004 Max Krasnyansky <maxk@qualcomm.com>
[    6.112838] PPP generic driver version 2.4.2
[    6.124944] ehci_hcd:SB 2.0 'Enhanced' Host Controller (EHCI) Driver
[    6.196733] ehci-pci: EHCI PCI platform driver
[    6.209023] ehci-platform: EHCI generic platform driver
[    6.223596] ohci_hcd: USB 1.1 'Open' Host Controller (OHCI) Driver
[    6.240628] ohci-pci: OHCI PCI platform driver
[    6.252745] ohci-platform: OHCI generic platform driver
[    6.267498] uhci_hcd: USB Universal Host Controller Interface driver
[    6.285106] i8042: PNP: PS/2 Controller [PNP0303:PS2K,PNP0f03:PS2M] at 0x60,0x64 irq 1,12
[    6.308778] serio: i8042 KBD port at 0x60,0x64 irq 1
[    6.322444] serio: i8042 AUX port at 0x60,0x64 irq 12
[    6.336641] mousedev: PS/2 mouse device common for all mice
[    6.352183] input: AT Translated Set 2 keyboard as /devices/platform/i8042/serio0/input/input2
[    6.376181] rtc_cmos rtc_cmos: rtc core: registered rtc_cmos as rtc0
[    6.393864] rtc_cmos rtc_cmos: alarms up to one day, 114 bytes nvram
[    6.411122] i2c /dev entries driver
[    6.420716] device-mapper: uevent: version 1.0.3
[    6.433727] device-mapper: ioctl: 4.34.0-ioctl (2015-10-28 initialised: dm-devel@redhat.com
[    6.485456] ledtrig-cpu: registered to indicate activity on CPUs
[    6.502251] NET: Registered protocol family 10
[    6.514671] NET: Registered protocol family 17
[    6.527085] Key type dns_resolver registered
[    6.539452] registered taskstats version 1
[    6.550895] Loading compiled-in X.509 certificates
[    6.569330] Loaded X.509 cert 'Build time autogenerated kernel key: cef5e81496c0efa51b848ab539e845ddf31c08be'
[    6.602051] zswap: loaded using pool lzo/zbud
[    6.615364] Key type trusted registered
[    6.628256] Key type encrypted registered
[    6.639397] AppArmor: AppArmor sha1 policy hashing enabled
[    6.654348] ima: No TPM chip found, activating TPM-bypass!
[    6.669290] ima: Allocated hash algorithm: sha1
[    6.681653] evm: HMAC attrs: 0x1
[    6.691077]   Magic number: 0:840:540
[    6.701098]  node: hash matches
[    6.709825] rtc_cmos rtc_cmos: setting system clock to 2020-08-22 16:31:34 UTC (1598113894)
[    6.732995] BIOS EDD facility v0.16 2004-Jun-25, 0 devices found
[    6.751266] EDD information not available.
[    6.763906] Freeing unused kernel memory: 1492K
[    6.856433] Write protecting the kernel read-only data: 14336k
[    6.872831] Freeing unused kernel memory: 1592K
[    6.885435] Freeing unused kernel memory: 56K
Loading, please wait...
starting version 229
[    6.906007] random: systemd-udevd: uninitialized urandom read (16 bytes read, 5 bits of entropy available)
[    6.906455] random: udevadm: uninitialized urandom read (16 bytes read, 5 bits of entropy available)
[    6.906470] random: udevadm: uninitialized urandom read (16 bytes read, 5 bits of entropy available)
[    6.913313] random: udevadm: uninitialized urandom read (16 bytes read, 5 bits of entropy available)
[    6.913347] random: udevadm: uninitialized urandom read (16 bytes read, 5 bits of entropy available)
[    6.913445] random: udevadm: uninitialized urandom read (16 bytes read, 5 bits of entropy available)
[    6.913500] random: udevadm: uninitialized urandom read (16 bytes read, 5 bits of entropy available)
[    6.913540] random: udevadm: uninitialized urandom read (16 bytes read, 5 bits of entropy available)
[    6.913577] random: udevadm: uninitialized urandom read (16 bytes read, 5 bits of entropy available)
[    6.913613] random: udevadm: uninitialized urandom read (16 bytes read, 5 bits of entropy available)
[    7.306755] e1000: Intel(R) PRO/1000 Network Driver - version 7.3.21-k8-NAPI
[    7.326544] e1000: Copyright (c) 1999-2006 Intel Corporation.
[    7.358338] AVX2 version of gcm_enc/dec engaged.
[    7.371281] AES CTR mode by8 optimization enabled
[    7.377412] Fusion MPT base driver 3.04.20
[    7.377412] Copyright (c) 1999-2008 LSI Corporation
[    7.412210] Fusion MPT SPI Host driver 3.04.20
[    7.548570] input: ImExPS/2 Generic Explorer Mouse as /devices/platform/i8042/serio1/input/input4
[    7.743109] e1000 0000:00:03.0 eth0: (PCI:33MHz:32-bit) 02:e5:f9:b1:f5:c2
[    7.769714] e1000 0000:00:03.0 eth0: Intel(R) PRO/1000 Network Connection
[    7.789213] mptbase: ioc0: Initiating bringup
[    7.991665] ioc0: LSI53C1030 A0: Capabilities={Initiator}
[    9.780469] scsi host2: ioc0: LSI53C1030 A0, FwRev=00000000h, Ports=1, MaxQ=256, IRQ=20
[    9.920409] scsi 2:0:0:0: Direct-Access     VBOX     HARDDISK         1.0  PQ: 0 ANSI: 5
[    9.943359] scsi target2:0:0: Beginning Domain Validation
[    9.959332] scsi target2:0:0: Domain Validation skipping write tests
[    9.990314] scsi target2:0:0: Ending Domain Validation
[   10.007482] scsi target2:0:0: asynchronous
[   10.023619] scsi 2:0:1:0: Direct-Access     VBOX     HARDDISK         1.0  PQ: 0 ANSI: 5
[   10.046420] scsi target2:0:1: Beginning Domain Validation
[   10.062078] scsi target2:0:1: Domain Validation skipping write tests
[   10.080107] scsi target2:0:1: Ending Domain Validation
[   10.094615] scsi target2:0:1: asynchronous
[   10.133993] sd 2:0:0:0: Attached scsi generic sg0 type 0
[   10.215560] sd 2:0:0:0: [sda] 20971520 512-byte logical blocks: (10.7 GB/10.0 GiB)
[   10.226897] sd 2:0:1:0: Attached scsi generic sg1 type 0
[   10.264252] e1000 0000:00:08.0 eth1: (PCI:33MHz:32-bit) 08:00:27:46:53:b1
[   10.264257] e1000 0000:00:08.0 eth1: Intel(R) PRO/1000 Network Connection
[   10.268205] e1000 0000:00:03.0 enp0s3: renamed from eth0
[   10.310014] sd 2:0:1:0: [sdb] 20480 512-byte logical blocks: (10.5 MB/10.0 MiB)
[   10.369936] sd 2:0:1:0: [sdb] Write Protect is off
[   10.383493] sd 2:0:0:0: [sda] Write Protect is off
[   10.383585] sd 2:0:1:0: [sdb] Incomplete mode parameter data
[   10.383586] sd 2:0:1:0: [sdb] Assuming drive cache: write through
[   10.393800] sd 2:0:1:0: [sdb] Attached SCSI disk
[   10.461466] e1000 0000:00:08.0 enp0s8: renamed from eth1
[   10.462369] sd 2:0:0:0: [sda] Incomplete mode parameter data
[   10.462370] sd 2:0:0:0: [sda] Assuming drive cache: write through
[   10.463489]  sda: sda1
[   10.464080] sd 2:0:0:0: [sda] Attached SCSI disk
Begin: Loading essential drivers ... [   12.085924] md: linear personality registered for level -1
[   12.103133] md: multipath personality registered for level -4
[   12.121208] md: raid0 personality registered for level 0
[   12.138940] md: raid1 personality registered for level 1
[   12.224657] raid6: sse2x1   gen()  8639 MB/s
[   12.304731] raid6: sse2x1   xor()  8180 MB/s
[   12.384809] raid6: sse2x2   gen() 17185 MB/s
[   12.463923] raid6: sse2x2   xor() 11178 MB/s
[   12.544971] raid6: sse2x4   gen() 18030 MB/s
[   12.625050] raid6: sse2x4   xor()  4317 MB/s
[   12.703685] raid6: avx2x1   gen() 18354 MB/s
[   12.779550] raid6: avx2x2   gen() 24364 MB/s
[   12.859826] raid6: avx2x4   gen() 24367 MB/s
[   12.872165] raid6: using algorithm avx2x4 gen() 24367 MB/s
[   12.887703] raid6: using avx2x2 recovery algorithm
[   12.902052] xor: automatically using best checksumming function:
[   12.955538]    avx       : 15471.000 MB/sec
[   12.968295] async_tx: api initialized (async)
[   12.987561] md: raid6 personality registered for level 6
[   13.002768] md: raid5 personality registered for level 5
[   13.017674] md: raid4 personality registered for level 4
[   13.037110] md: raid10 personality registered for level 10
done.
Begin: Running /scripts/init-premount ... done.
Begin: Mounting root file system ... Begin: Running /scripts/local-top ... done.
Begin: Running /scripts/local-premount ... [   13.076126] Btrfs loaded
Scanning for Btrfs filesystems
done.
Warning: fsck not present, so skipping root file system
[   13.196940] EXT4-fs (sda1): mounted filesystem with ordered data mode. Opts: (null)
done.
Begin: Running /scripts/local-bottom ... done.
Begin: Running /scripts/init-bottom ... done.
[   14.142488] random: nonblocking pool is initialized
[   14.273011] systemd[1]: systemd 229 running in system mode. (+PAM +AUDIT +SELINUX +IMA +APPARMOR +SMACK +SYSVINIT +UTMP +LIBCRYPTSETUP +GCRYPT +GNUTLS +ACL +XZ -LZ4 +SECCOMP +BLKID +ELFUTILS +KMOD -IDN)
[   14.329534] systemd[1]: Detected virtualization oracle.
[   14.344431] systemd[1]: Detected architecture x86-64.

Welcome to [1mUbuntu 16.04.6 LTS[0m!

[   14.440260] systemd[1]: Set hostname to <ubuntu-xenial>.
[   15.784104] systemd[1]: Listening on Journal Socket.
[[0;32m  OK  [0m] Listening on Journal Socket.
[   15.804934] systemd[1]: Listening on /dev/initctl Compatibility Named Pipe.
[[0;32m  OK  [0m] Listening on /dev/initctl Compatibility Named Pipe.
[   15.860689] systemd[1]: Reached target Encrypted Volumes.
[[0;32m  OK  [0m] Reached target Encrypted Volumes.
[   15.887879] systemd[1]: Listening on udev Kernel Socket.
[[0;32m  OK  [0m] Listening on udev Kernel Socket.
[   15.912352] systemd[1]: Reached target System Time Synchronized.
[[0;32m  OK  [0m] Reached target System Time Synchronized.
[   15.935788] systemd[1]: Started Forward Password Requests to Wall Directory Watch.
[[0;32m  OK  [0m] Started Forward Password Requests to Wall Directory Watch.
[   15.964072] systemd[1]: Started Trigger resolvconf update for networkd DNS.
[[0;32m  OK  [0m] Started Trigger resolvconf update for networkd DNS.
[   15.993418] systemd[1]: Reached target User and Group Name Lookups.
[[0;32m  OK  [0m] Reached target User and Group Name Lookups.
[   16.020419] systemd[1]: Listening on Syslog Socket.
[[0;32m  OK  [0m] Listening on Syslog Socket.
[   16.044028] systemd[1]: Created slice System Slice.
[[0;32m  OK  [0m] Created slice System Slice.
[   16.077128] systemd[1]: Starting Load Kernel Modules...
         Starting Load Kernel Modules...
[   16.1] stemd[1]: Mounting Debug File System...
         Mountin[   16.331784] Loading iSCSI transport class v2.0-870.
g Debug File System...
[  16.431807] systemd[1]: Starting Create list of required static device nodes for the current kernel...
         Starting Create list of required st... nodes for the current kernel...[   16.501167] iscsi: registered transport (tcp)

[   16.528615] systemd[1]: Starting Uncomplicated firewall...
         Starting Uncomplicated firewall...
[   16.581886] iscsi: registered transport (iser)
[   16.599918] systemd[1]: Mounting POSIX Message Queue File System...
         Mounting POSIX Message Queue File System...
[   16.624934] systemd[1]: Mounting Huge Pages File System...
         Mounting Huge Pages File System...
[   16.655828] systemd[1]: Listening on Journal Audit Socket.
[[0;32m  OK  [0m] Listening on Journal Audit Socket.
[   16.684157] systemd[1]: Set up automount Arbitrary Executable File Formats File System Automount Point.
[[0;32m  OK  [0m] Set up automount Arbitrary Executab...ats File System Automount Point.
[   16.721891] systemd[1]: Listening on Journal Socket (/dev/log).
[[0;32m  OK  [0m] Listening on Journal Socket (/dev/log).
[   16.760163] systemd[1]: Starting Journal Service...
         Starting Journal Service...
[   16.7606] systemd[1]: Listening on LVM2 metadata daemon socket.
[[0;32m  OK  [0m] Listening on LVM2 metadata daemon socket.
[   16.947695] systemd[1]: Listening on udev Control Socket.
[[0;32m  OK  [0m] Listening on udev Control Socket.
[   16.983769] systemd[1]: Starting Nameserver information manager...
         Starting Nameserver information manager...
[   17.008427] systemd[1]: Created slice User and Session Slice.
[[0;32m  OK  [0m] Created slice User and Session Slice.
[   17.044327] systemd[1]: Reached target Slices.
[[0;32m  OK  [0m] Reached target Slices.
[   17.063823] systemd[1]: Reached target Swap.
[[0;32m  OK  [0m] Reached target Swap.
[   17.084596] systemd[1]: Created slice system-serial\x2dgetty.slice.
[[0;32m  OK  [0m] Created slice system-serial\x2dgetty.slice.
[   17.107872] systemd[1]: Listening on LVM2 poll daemon socket.
[[0;32m  OK  [0m] Listening on LVM2 poll daemon socket.
[   17.151812] systemd[1]: Starting Remount Root and Kernel File Systems...
         Starting Remount Root and Kernel File Systems...
[   17.184617] EXT4-fs (sda1): re-mounted. Opts: (null)
[   17.198107] systemd[1]: Starting Set console keymap...
         Starting Set console keymap...
[   17.227956] systemd[1]: Listening on Device-mapper event daemon FIFOs.
[[0;32m  OK  [0m] Listening on Device-mapper event daemon FIFOs.
[   .312159] systemd[1]: Starting Monitoring of LVM2 mirrors, snapshots etc. using dmeventd or progress polling...
         Starting Monitoring of LVM2 mirrors... dmeventd or progress polling...
[   17.469181] systemd[1]: Mounted POSIX Message Queue File System.
[[0;32m  OK  [0m] Mounted POSIX Message Queue File System.
[   17.500418] systemd[1]: Mounted Debug File System.
[[0;32m  OK  [0m] Mounted Debug File System.
[   17.523883] systemd[1]: Mounted Huge Pages File System.
[[0;32m  OK  [0m] Mounted Huge Pages File System.
[   17.543637] systemd[1]: Started Journal Service.
[[0;32m  OK  [0m] Started Journal Service.
[[0;32m  OK  [0m] Started Load Kernel Modules.
[[0;32m  OK  [0m] Started Create list of required sta...ce nodes for the current kernel.
[[0;32m  OK  [0m] Started Uncomplicated firewall.
[[0;32m  OK  [0m] Started Remount Root and Kernel File Systems.
[[0;32m  OK  [0m] Started Set console keymap.
[[0;32m  OK  [0m] Started Nameserver information manager.
[[0;32m  OK  [0m] Started LVM2 metadata daemon.
         Starting Load/Save Random Seed...
         Starting udev Coldplug all Devices...
         Starting Create Static Device Nodes in /dev...
         Starting Apply Kernel Variables...
         Mounting FUSE Control File System...
         Starting Flush Journal to Persistent Storage...
[[0;32m  OK  [0m] Mounted FUSE Control File System.
[[0;32m  OK  [0m] Started Monitoring of LVM2 mirrors,...ng dmeventd or progress polling.
[[0;32m  OK  [0m] Started Load/Save Random Seed.
[[0;32m  OK  [0m] Started Create Static Device Nodes in /dev.
[[0;32m  OK  [0m] Started Apply Kernel Variables.
[[0;32m  OK  [0m] Started udev Coldplug all Devices.
         Starting udev Kernel Device Manager...
[[0;32m  OK  [0m] Reached target Local File Systems (Pre).
[[0;32m  OK  [0m] Reached target Local File Systems.
         Starting Tell Plymouth To Write Out Runtime Data...
         Starting LSB: AppArmor initialization...
         Starting Initial cloud-init job (pre-networking)...
         Starting Set console font and keymap...
[[0;32m  OK  [0m] Started udev Kernel Device Manager.
[[0;32m  OK  [0m] Started Tell Plymouth To Write Out Runtime Data.
[[0;32m  OK  [0m] Started Flush Journal to Persistent Storage.
[[0;32m  OK  [0m] Found device /dev/ttyS0.
[[0;32m  OK  [0m] Started Set console font and keymap.
[[0;32m  OK  [0m] Listening on Load/Save RF Kill Switch Status /dev/rfkill Watch.
[[0;32m  OK  [0m] Created slice system-getty.slice.
         Starting Create Volatile Files and Directories...
[[0;32m  OK  [0m] Started Dispatch Password Requests to Console Directory Watch.
[[0;32m  OK  [0m] Started Create Volatile Files and Directories.
         Starting Update UTMP about System Boot/Shutdown...
[[0;32m  OK  [0m] Started Update UTMP about System Boot/Shutdown.
[[0;32m  OK  [0m] Started LSB: AppArmor initialization.
         Starting Load AppArmor profiles managed internally by snapd...
[[0;32m  OK  [0m] Started Load AppArmor profiles managed internally by snapd.
[   17.421647] cloud-init[487]: Cloud-init v. 20.2-45-g5f7825e2-0ubuntu1~16.04.1 running 'init-local' at Sat, 22 Aug 2020 16:31:48 +0000. Up 17.12 seconds.
[[0;32m  OK  [0m] Started Initial cloud-init job (pre-networking).
[[0;32m  OK  [0m] Reached target Network (Pre).
[[0;32m  OK  [0m] Started ifup for enp0s8.
         Starting Raise network interfaces...
[[0;32m  OK  [0m] Started ifup for enp0s3.
[[0;32m  OK  [0m] Started Raise network interfaces.
         Starting Initial cloud-init job (metadata service crawler)...
[[0;32m  OK  [0m] Reached target Network.
[   18.265255] cloud-init[1078]: Cloud-init v. 20.2-45-g5f7825e2-0ubuntu1~16.04.1 running 'init' at Sat, 22 Aug 2020 16:31:49 +0000. Up 17.90 seconds.
[   18.277004] cloud-init[1078]: ci-info: ++++++++++++++++++++++++++++++++++++++Net device info+++++++++++++++++++++++++++++++++++++++
[   18.290316] cloud-init[1078]: ci-info: +--------+------+-----------------------------+---------------+--------+-------------------+
[   18.300288] cloud-init[1078]: ci-info: | Device |  Up  |           Address           |      Mask     | Scope  |     Hw-Address    |
[   18.300393] cloud-init[1078]: ci-info: +--------+------+-----------------------------+---------------+--------+-------------------+
[[0;32m  OK  [0m] Started Initial cloud-init job (metadata service crawler).
[   18.300494] cloud-init[1078]: ci-info: | enp0s3 | True |          10.0.2.15          | 255.255.255.0 | global | 02:e5:f9:b1:f5:c2 |
[   18.320795] cloud-init[1078]: ci-info: | enp0s3 | True |  fe80::e5:f9ff:feb1:f5c2/64 |       .       |  link  | 02:e5:f9:b1:f5:c2 |
[   18.320912] cloud-init[1078]: ci-info: | enp0s8 | True |        192.168.33.12        | 255.255.255.0 | global | 08:00:27:46:53:b1 |
[[0;32m  OK  [0m] Reached target System Initialization.
[[   18.321006] cloud-init[1078]: ci-info: | enp0s8 | True | fe80::a00:27ff:fe46:53b1/64 |       .       |  link  | 08:00:27:46:53:b1 |
[0;32m  OK  [0m] Started Daily Cleanup of Temporary Directories.
[   18.332919] cloud-init[1078]: ci-info: |   lo   | True |          127.0.0.1          |   255.0.0.0   |  host  |         .         |
[[0;32m  OK  [0m] Started Daily apt download activities.
[[0;32m  OK  [0m] Started Daily apt upgrade and clean activities.
[   18.352898] cloud-init[1078]: ci-info: |   lo   | True |           ::1/128           |       .       |  host  |         .         |
[   18.376693] cloud-init[1078]: ci-info: +--------+------+-----------------------------+---------------+--------+-------------------+
[   18.376806] cloud-init[1078]: ci-info: ++++++++++++++++++++++++++++Route IPv4 info++++++++++++++++++++++++++++
[[0;32m  OK  [0m] Listening on UUID daemon activation socket.
[[0;32m  OK  [0m] Listening on ACPID Listen Socket.
[   18.376869] cloud-init[1078]: ci-info: +-------+--------------+----------+---------------+-----------+-------+
[   18.405013] cloud-init[1078]: ci-info: | Route | Destination  | Gateway  |    Genmask    | Interface | Flags |
[   18.405141] cloud-init[1078]: ci-info: +-------+--------------+----------+---------------+-----------+-------+
[[0;32m  OK  [0m] Started ACPI Events Check.
[[0;32m  OK  [0m] Reached target Paths.
[   18.405224] cloud-init[1078]: ci-info: |   0   |   0.0.0.0    | 10.0.2.2 |    0.0.0.0    |   enp0s3  |   UG  |
[   18.425451]          cloud-initStarting Socket activation for snappy daemon.[1078]: 
ci-info: |   1   |   10.0.2.0   | 0.0.0.0  | 255.255.255.0 |   enp0s3  |   U   |
[   18.433277] [cloud-init[0;32m  OK  [0m[1078]: ] ci-info: |   2   | 192.168.33.0 | 0.0.0.0  | 255.255.255.0 |   enp0s8  |   U   |Started Message of the Day.

[[0;32m  OK  [0m] Reached target Timers.
[   18.433460] cloud-init[1078]: ci-info: +-------+--------------+----------+---------------+-----------+-------+
[   18.456823] cloud-init[1078]: ci-info: +++++++++++++++++++Route IPv6 info+++++++++++++++++++
[   18.456956] cloud-init[1078]: ci-info: +-------+-------------+---------+-----------+-------+
[[0;32m  OK  [0m] Listening on D-Bus System Message Bus Socket.
[   18.457033] cloud-init[1078]: ci-info: | Route | Destination | Gateway | Interface | Flags |
[   18.476436] cloud-init[1078]: ci-info: +-------+-------------+---------+-----------+-------+
[   18.476566] cloud-init[1078]: ci-info: |   0   |  fe80::/64  |    ::   |   enp0s8  |   U   |
         Starting LXD - unix socket.
[[0;32m  OK  [0m] Reached target Network is Online.
[   18.476624] cloud-init[1078]: ci-info: |   1   |  fe80::/64  |    ::   |   enp0s3  |   U   |
[   18.492223] cloud-init[1078]: ci-info: |   4   |   ff00::/8  |    ::   |   enp0s8  |   U   |
[   18.500803] cloud-init[1078]: ci-info: |   5   |   ff00::/8  |    ::   |   enp0s3  |   U   |
[   18.500943] cloud-init[1078]: ci-info: +-------+-------------+---------+-----------+-------+
         Starting iSCSI initiator daemon (iscsid)...
[[0;32m  OK  [0m] Reached target Cloud-config availability.
[[0;32m  OK  [0m] Listening on Socket activation for snappy daemon.
[[0;32m  OK  [0m] Listening on LXD - unix socket.
[[0;32m  OK  [0m] Reached target Sockets.
[[0;32m  OK  [0m] Reached target Basic System.
         Starting Virtualbox guest utils...
[[0;32m  OK  [0m] Started FUSE filesystem for LXC.
[[0;32m  OK  [0m] Started Deferred execution scheduler.
         Starting /etc/rc.local Compatibility...
         Starting Accounts Service...
[[0;32m  OK  [0m] Started ACPI event daemon.
         Starting LSB: MD monitoring daemon...
         Starting Login Service...
         Starting OpenBSD Secure Shell server...
[[0;32m  OK  [0m] Started D-Bus System Message Bus.
         Starting System Logging Service...
         Starting LSB: Record successful boot for GRUB...
         Starting LXD - container startup/shutdown...
[[0;32m  OK  [0m] Started Regular background program processing daemon.
         Starting Snap Daemon...
[[0;32m  OK  [0m] Started System Logging Service.
[[0;32m  OK  [0m] Started iSCSI initiator daemon (iscsid).
[[0;32m  OK  [0m] Started /etc/rc.local Compatibility.
[[0;32m  OK  [0m] Started OpenBSD Secure Shell server.
[[0;32m  OK  [0m] Started Login Service.
[[0;32m  OK  [0m] Started Unattended Upgrades Shutdown.
         Starting Authenticate and Authorize Users to Run Privileged Tasks...
         Starting Login to default iSCSI targets...
[[0;32m  OK  [0m] Started LSB: MD monitoring daemon.
[[0;32m  OK  [0m] Started LSB: Record successful boot for GRUB.
[[0;32m  OK  [0m] Started Authenticate and Authorize Users to Run Privileged Tasks.
[[0;32m  OK  [0m] Started Virtualbox guest utils.
[[0;32m  OK  [0m] Started Accounts Service.
[[0;32m  OK  [0m] Started Login to default iSCSI targets.
[[0;32m  OK  [0m] Reached target Remote File Systems (Pre).
[[0;32m  OK  [0m] Reached target Remote File Systems.
         Starting Permit User Sessions...
         Starting LSB: automatic crash report generation...
         Starting LSB: daemon to balance interrupts for SMP systems...
         Starting LSB: Set the CPU Frequency Scaling governor to "ondemand"...
[[0;32m  OK  [0m] Started LXD - container startup/shutdown.
[[0;32m  OK  [0m] Started Permit User Sessions.
         Starting Hold until boot process finishes up...
         Starting Terminate Plymouth Boot Screen...
[[0;32m  OK  [0m] Started LSB: automatic crash report generation.
[[0;32m  OK  [0m] Started LSB: daemon to balance interrupts for SMP systems.
[[0;32m  OK  [0m] Started LSB: Set the CPU Frequency Scaling governor to "ondemand".
[[0;32m  OK  [0m] Started Hold until boot process finishes up.
[[0;32m  OK  [0m] Started Terminate Plymouth Boot Screen.
         Starting Set console scheme...
[[0;32m  OK  [0m] Started Getty on tty1.
[[0;32m  OK  [0m] Started Serial Getty on ttyS0.
[[0;32m  OK  [0m] Reached target Login Prompts.
[[0;32m  OK  [0m] Started Set console scheme.
[[0;32m  OK  [0m] Started Snap Daemon.
         Starting Wait until snapd is fully seeded...
[[0;32m  OK  [0m] Started Wait until snapd is fully seeded.
         Starting Apply the settings specified in cloud-config...
[[0;32m  OK  [0m] Reached target Multi-User System.
[[0;32m  OK  [0m] Reached target Graphical Interface.
         Starting Update UTMP about System Runlevel Changes...
[[0;32m  OK  [0m] Started Update UTMP about System Runlevel Changes.
[[0;32m  OK  [0m] Created slice User Slice of vagrant.
         Starting User Manager for UID 1000...
[[0;32m  OK  [0m] Started Session 1 of user vagrant.
[[0;32m  OK  [0m] Started User Manager for UID 1000.
[   22.346887] cloud-init[1338]: Cloud-init v. 20.2-45-g5f7825e2-0ubuntu1~16.04.1 running 'modules:config' at Sat, 22 Aug 2020 16:31:53 +0000. Up 22.23 seconds.
[[0;32m  OK  [0m] Started Apply the settings specified in cloud-config.
         Starting Execute cloud user/final scripts...
[   22.955634] cloud-init[1374]: Cloud-init v. 20.2-45-g5f7825e2-0ubuntu1~16.04.1 running 'modules:final' at Sat, 22 Aug 2020 16:31:54 +0000. Up 22.62 seconds.
[   22.970081] cloud-init[1374]: Cloud-init v. 20.2-45-g5f7825e2-0ubuntu1~16.04.1 finished at Sat, 22 Aug 2020 16:31:54 +0000. Datasource DataSourceNoCloud [seed=/dev/sdb][dsmode=net].  Up 22.94 seconds
[[0;32m  OK  [0m] Started Execute cloud user/final scripts.
[[0;32m  OK  [0m] Reached target Cloud-init target.

Ubuntu 16.04.6 LTS ubuntu-xenial ttyS0

ubuntu-xenial login: 